2022-12-02 09:32:58,601 [INFO] com.travel.OnlineTravelSprint1Application [restartedMain] Starting OnlineTravelSprint1Application using Java 17.0.4.1 on DharshiniKrishnan with PID 39712 (C:\Users\dhars\Documents\workspace-spring-tool-suite-4-4.16.0.RELEASE\Online Travel Booking System\OnlineTravel_Sprint1\bin\main started by dhars in C:\Users\dhars\Documents\workspace-spring-tool-suite-4-4.16.0.RELEASE\Online Travel Booking System\OnlineTravel_Sprint1)
2022-12-02 09:32:58,611 [INFO] com.travel.OnlineTravelSprint1Application [restartedMain] No active profile set, falling back to 1 default profile: "default"
2022-12-02 09:32:58,675 [INFO] org.springframework.boot.devtools.env.DevToolsPropertyDefaultsPostProcessor [restartedMain] Devtools property defaults active! Set 'spring.devtools.add-properties' to 'false' to disable
2022-12-02 09:32:58,675 [INFO] org.springframework.boot.devtools.env.DevToolsPropertyDefaultsPostProcessor [restartedMain] For additional web related logging consider setting the 'logging.level.web' property to 'DEBUG'
2022-12-02 09:33:00,003 [INFO] org.springframework.data.repository.config.RepositoryConfigurationDelegate [restartedMain] Bootstrapping Spring Data JPA repositories in DEFAULT mode.
2022-12-02 09:33:00,184 [INFO] org.springframework.data.repository.config.RepositoryConfigurationDelegate [restartedMain] Finished Spring Data repository scanning in 104 ms. Found 1 JPA repository interfaces.
2022-12-02 09:33:01,248 [INFO] org.springframework.boot.web.embedded.tomcat.TomcatWebServer [restartedMain] Tomcat initialized with port(s): 8022 (http)
2022-12-02 09:33:01,264 [INFO] org.apache.catalina.core.StandardService [restartedMain] Starting service [Tomcat]
2022-12-02 09:33:01,265 [INFO] org.apache.catalina.core.StandardEngine [restartedMain] Starting Servlet engine: [Apache Tomcat/9.0.68]
2022-12-02 09:33:01,436 [INFO] org.apache.catalina.core.ContainerBase.[Tomcat].[localhost].[/] [restartedMain] Initializing Spring embedded WebApplicationContext
2022-12-02 09:33:01,436 [INFO] org.springframework.boot.web.servlet.context.ServletWebServerApplicationContext [restartedMain] Root WebApplicationContext: initialization completed in 2760 ms
2022-12-02 09:33:01,679 [INFO] org.hibernate.jpa.internal.util.LogHelper [restartedMain] HHH000204: Processing PersistenceUnitInfo [name: default]
2022-12-02 09:33:01,788 [INFO] org.hibernate.Version [restartedMain] HHH000412: Hibernate ORM core version 5.6.12.Final
2022-12-02 09:33:02,222 [INFO] org.hibernate.annotations.common.Version [restartedMain] HCANN000001: Hibernate Commons Annotations {5.1.2.Final}
2022-12-02 09:33:02,381 [INFO] com.zaxxer.hikari.HikariDataSource [restartedMain] HikariPool-1 - Starting...
2022-12-02 09:33:02,706 [INFO] com.zaxxer.hikari.HikariDataSource [restartedMain] HikariPool-1 - Start completed.
2022-12-02 09:33:02,735 [INFO] org.hibernate.dialect.Dialect [restartedMain] HHH000400: Using dialect: org.hibernate.dialect.PostgreSQLDialect
2022-12-02 09:33:03,846 [INFO] org.hibernate.engine.transaction.jta.platform.internal.JtaPlatformInitiator [restartedMain] HHH000490: Using JtaPlatform implementation: [org.hibernate.engine.transaction.jta.platform.internal.NoJtaPlatform]
2022-12-02 09:33:03,864 [INFO] org.springframework.orm.jpa.LocalContainerEntityManagerFactoryBean [restartedMain] Initialized JPA EntityManagerFactory for persistence unit 'default'
2022-12-02 09:33:04,580 [WARN] org.springframework.boot.autoconfigure.orm.jpa.JpaBaseConfiguration$JpaWebConfiguration [restartedMain] spring.jpa.open-in-view is enabled by default. Therefore, database queries may be performed during view rendering. Explicitly configure spring.jpa.open-in-view to disable this warning
2022-12-02 09:33:04,989 [INFO] org.springframework.boot.devtools.autoconfigure.OptionalLiveReloadServer [restartedMain] LiveReload server is running on port 35729
2022-12-02 09:33:05,041 [INFO] org.springframework.boot.web.embedded.tomcat.TomcatWebServer [restartedMain] Tomcat started on port(s): 8022 (http) with context path ''
2022-12-02 09:33:05,056 [INFO] com.travel.OnlineTravelSprint1Application [restartedMain] Started OnlineTravelSprint1Application in 7.289 seconds (JVM running for 8.103)
2022-12-02 09:36:48,163 [INFO] org.apache.catalina.core.ContainerBase.[Tomcat].[localhost].[/] [http-nio-8022-exec-2] Initializing Spring DispatcherServlet 'dispatcherServlet'
2022-12-02 09:36:48,164 [INFO] org.springframework.web.servlet.DispatcherServlet [http-nio-8022-exec-2] Initializing Servlet 'dispatcherServlet'
2022-12-02 09:36:48,167 [INFO] org.springframework.web.servlet.DispatcherServlet [http-nio-8022-exec-2] Completed initialization in 3 ms
2022-12-02 09:36:56,000 [WARN] org.springframework.web.servlet.mvc.method.annotation.ExceptionHandlerExceptionResolver [http-nio-8022-exec-3] Resolved [javax.persistence.EntityNotFoundException: karthi not listed in the database]
2022-12-02 09:38:47,459 [INFO] org.springframework.boot.devtools.autoconfigure.LocalDevToolsAutoConfiguration$RestartingClassPathChangeChangedEventListener [File Watcher] Restarting due to 1 class path change (0 additions, 0 deletions, 1 modification)
2022-12-02 09:38:47,477 [INFO] org.apache.catalina.core.StandardService [Thread-5] Stopping service [Tomcat]
2022-12-02 09:38:47,480 [INFO] org.apache.catalina.core.ContainerBase.[Tomcat].[localhost].[/] [Thread-5] Destroying Spring FrameworkServlet 'dispatcherServlet'
2022-12-02 09:38:47,489 [INFO] org.springframework.orm.jpa.LocalContainerEntityManagerFactoryBean [Thread-5] Closing JPA EntityManagerFactory for persistence unit 'default'
2022-12-02 09:38:47,493 [INFO] com.zaxxer.hikari.HikariDataSource [Thread-5] HikariPool-1 - Shutdown initiated...
2022-12-02 09:38:47,498 [INFO] com.zaxxer.hikari.HikariDataSource [Thread-5] HikariPool-1 - Shutdown completed.
2022-12-02 09:38:47,586 [INFO] com.travel.OnlineTravelSprint1Application [restartedMain] Starting OnlineTravelSprint1Application using Java 17.0.4.1 on DharshiniKrishnan with PID 39712 (C:\Users\dhars\Documents\workspace-spring-tool-suite-4-4.16.0.RELEASE\Online Travel Booking System\OnlineTravel_Sprint1\bin\main started by dhars in C:\Users\dhars\Documents\workspace-spring-tool-suite-4-4.16.0.RELEASE\Online Travel Booking System\OnlineTravel_Sprint1)
2022-12-02 09:38:47,587 [INFO] com.travel.OnlineTravelSprint1Application [restartedMain] No active profile set, falling back to 1 default profile: "default"
2022-12-02 09:38:47,910 [INFO] org.springframework.data.repository.config.RepositoryConfigurationDelegate [restartedMain] Bootstrapping Spring Data JPA repositories in DEFAULT mode.
2022-12-02 09:38:47,936 [INFO] org.springframework.data.repository.config.RepositoryConfigurationDelegate [restartedMain] Finished Spring Data repository scanning in 25 ms. Found 1 JPA repository interfaces.
2022-12-02 09:38:48,067 [INFO] org.springframework.boot.web.embedded.tomcat.TomcatWebServer [restartedMain] Tomcat initialized with port(s): 8022 (http)
2022-12-02 09:38:48,069 [INFO] org.apache.catalina.core.StandardService [restartedMain] Starting service [Tomcat]
2022-12-02 09:38:48,069 [INFO] org.apache.catalina.core.StandardEngine [restartedMain] Starting Servlet engine: [Apache Tomcat/9.0.68]
2022-12-02 09:38:48,098 [INFO] org.apache.catalina.core.ContainerBase.[Tomcat].[localhost].[/] [restartedMain] Initializing Spring embedded WebApplicationContext
2022-12-02 09:38:48,099 [INFO] org.springframework.boot.web.servlet.context.ServletWebServerApplicationContext [restartedMain] Root WebApplicationContext: initialization completed in 508 ms
2022-12-02 09:38:48,149 [INFO] org.hibernate.jpa.internal.util.LogHelper [restartedMain] HHH000204: Processing PersistenceUnitInfo [name: default]
2022-12-02 09:38:48,159 [INFO] com.zaxxer.hikari.HikariDataSource [restartedMain] HikariPool-2 - Starting...
2022-12-02 09:38:48,328 [INFO] com.zaxxer.hikari.HikariDataSource [restartedMain] HikariPool-2 - Start completed.
2022-12-02 09:38:48,329 [INFO] org.hibernate.dialect.Dialect [restartedMain] HHH000400: Using dialect: org.hibernate.dialect.PostgreSQLDialect
2022-12-02 09:38:48,612 [INFO] org.hibernate.engine.transaction.jta.platform.internal.JtaPlatformInitiator [restartedMain] HHH000490: Using JtaPlatform implementation: [org.hibernate.engine.transaction.jta.platform.internal.NoJtaPlatform]
2022-12-02 09:38:48,613 [INFO] org.springframework.orm.jpa.LocalContainerEntityManagerFactoryBean [restartedMain] Initialized JPA EntityManagerFactory for persistence unit 'default'
2022-12-02 09:38:48,790 [WARN] org.springframework.boot.autoconfigure.orm.jpa.JpaBaseConfiguration$JpaWebConfiguration [restartedMain] spring.jpa.open-in-view is enabled by default. Therefore, database queries may be performed during view rendering. Explicitly configure spring.jpa.open-in-view to disable this warning
2022-12-02 09:38:48,930 [INFO] org.springframework.boot.devtools.autoconfigure.OptionalLiveReloadServer [restartedMain] LiveReload server is running on port 35729
2022-12-02 09:38:48,943 [INFO] org.springframework.boot.web.embedded.tomcat.TomcatWebServer [restartedMain] Tomcat started on port(s): 8022 (http) with context path ''
2022-12-02 09:38:48,947 [INFO] com.travel.OnlineTravelSprint1Application [restartedMain] Started OnlineTravelSprint1Application in 1.398 seconds (JVM running for 351.996)
2022-12-02 09:38:48,951 [INFO] org.springframework.boot.devtools.autoconfigure.ConditionEvaluationDeltaLoggingListener [restartedMain] Condition evaluation unchanged
2022-12-02 09:39:08,475 [INFO] org.apache.catalina.core.ContainerBase.[Tomcat].[localhost].[/] [http-nio-8022-exec-2] Initializing Spring DispatcherServlet 'dispatcherServlet'
2022-12-02 09:39:08,476 [INFO] org.springframework.web.servlet.DispatcherServlet [http-nio-8022-exec-2] Initializing Servlet 'dispatcherServlet'
2022-12-02 09:39:08,477 [INFO] org.springframework.web.servlet.DispatcherServlet [http-nio-8022-exec-2] Completed initialization in 1 ms
2022-12-02 09:39:26,186 [INFO] org.springframework.boot.devtools.autoconfigure.LocalDevToolsAutoConfiguration$RestartingClassPathChangeChangedEventListener [File Watcher] Restarting due to 1 class path change (0 additions, 0 deletions, 1 modification)
2022-12-02 09:39:26,200 [INFO] org.apache.catalina.core.StandardService [Thread-7] Stopping service [Tomcat]
2022-12-02 09:39:26,200 [INFO] org.apache.catalina.core.ContainerBase.[Tomcat].[localhost].[/] [Thread-7] Destroying Spring FrameworkServlet 'dispatcherServlet'
2022-12-02 09:39:26,206 [INFO] org.springframework.orm.jpa.LocalContainerEntityManagerFactoryBean [Thread-7] Closing JPA EntityManagerFactory for persistence unit 'default'
2022-12-02 09:39:26,207 [INFO] com.zaxxer.hikari.HikariDataSource [Thread-7] HikariPool-2 - Shutdown initiated...
2022-12-02 09:39:26,211 [INFO] com.zaxxer.hikari.HikariDataSource [Thread-7] HikariPool-2 - Shutdown completed.
2022-12-02 09:39:26,292 [INFO] com.travel.OnlineTravelSprint1Application [restartedMain] Starting OnlineTravelSprint1Application using Java 17.0.4.1 on DharshiniKrishnan with PID 39712 (C:\Users\dhars\Documents\workspace-spring-tool-suite-4-4.16.0.RELEASE\Online Travel Booking System\OnlineTravel_Sprint1\bin\main started by dhars in C:\Users\dhars\Documents\workspace-spring-tool-suite-4-4.16.0.RELEASE\Online Travel Booking System\OnlineTravel_Sprint1)
2022-12-02 09:39:26,293 [INFO] com.travel.OnlineTravelSprint1Application [restartedMain] No active profile set, falling back to 1 default profile: "default"
2022-12-02 09:39:26,463 [INFO] org.springframework.data.repository.config.RepositoryConfigurationDelegate [restartedMain] Bootstrapping Spring Data JPA repositories in DEFAULT mode.
2022-12-02 09:39:26,477 [INFO] org.springframework.data.repository.config.RepositoryConfigurationDelegate [restartedMain] Finished Spring Data repository scanning in 12 ms. Found 1 JPA repository interfaces.
2022-12-02 09:39:26,547 [INFO] org.springframework.boot.web.embedded.tomcat.TomcatWebServer [restartedMain] Tomcat initialized with port(s): 8022 (http)
2022-12-02 09:39:26,548 [INFO] org.apache.catalina.core.StandardService [restartedMain] Starting service [Tomcat]
2022-12-02 09:39:26,548 [INFO] org.apache.catalina.core.StandardEngine [restartedMain] Starting Servlet engine: [Apache Tomcat/9.0.68]
2022-12-02 09:39:26,574 [INFO] org.apache.catalina.core.ContainerBase.[Tomcat].[localhost].[/] [restartedMain] Initializing Spring embedded WebApplicationContext
2022-12-02 09:39:26,574 [INFO] org.springframework.boot.web.servlet.context.ServletWebServerApplicationContext [restartedMain] Root WebApplicationContext: initialization completed in 276 ms
2022-12-02 09:39:26,601 [INFO] org.hibernate.jpa.internal.util.LogHelper [restartedMain] HHH000204: Processing PersistenceUnitInfo [name: default]
2022-12-02 09:39:26,609 [INFO] com.zaxxer.hikari.HikariDataSource [restartedMain] HikariPool-3 - Starting...
2022-12-02 09:39:26,666 [INFO] com.zaxxer.hikari.HikariDataSource [restartedMain] HikariPool-3 - Start completed.
2022-12-02 09:39:26,667 [INFO] org.hibernate.dialect.Dialect [restartedMain] HHH000400: Using dialect: org.hibernate.dialect.PostgreSQLDialect
2022-12-02 09:39:26,727 [INFO] org.hibernate.engine.transaction.jta.platform.internal.JtaPlatformInitiator [restartedMain] HHH000490: Using JtaPlatform implementation: [org.hibernate.engine.transaction.jta.platform.internal.NoJtaPlatform]
2022-12-02 09:39:26,727 [INFO] org.springframework.orm.jpa.LocalContainerEntityManagerFactoryBean [restartedMain] Initialized JPA EntityManagerFactory for persistence unit 'default'
2022-12-02 09:39:26,837 [WARN] org.springframework.boot.autoconfigure.orm.jpa.JpaBaseConfiguration$JpaWebConfiguration [restartedMain] spring.jpa.open-in-view is enabled by default. Therefore, database queries may be performed during view rendering. Explicitly configure spring.jpa.open-in-view to disable this warning
2022-12-02 09:39:26,931 [INFO] org.springframework.boot.devtools.autoconfigure.OptionalLiveReloadServer [restartedMain] LiveReload server is running on port 35729
2022-12-02 09:39:26,942 [INFO] org.springframework.boot.web.embedded.tomcat.TomcatWebServer [restartedMain] Tomcat started on port(s): 8022 (http) with context path ''
2022-12-02 09:39:26,949 [INFO] com.travel.OnlineTravelSprint1Application [restartedMain] Started OnlineTravelSprint1Application in 0.686 seconds (JVM running for 389.997)
2022-12-02 09:39:26,951 [INFO] org.springframework.boot.devtools.autoconfigure.ConditionEvaluationDeltaLoggingListener [restartedMain] Condition evaluation unchanged
2022-12-02 09:39:43,747 [INFO] org.apache.catalina.core.ContainerBase.[Tomcat].[localhost].[/] [http-nio-8022-exec-2] Initializing Spring DispatcherServlet 'dispatcherServlet'
2022-12-02 09:39:43,747 [INFO] org.springframework.web.servlet.DispatcherServlet [http-nio-8022-exec-2] Initializing Servlet 'dispatcherServlet'
2022-12-02 09:39:43,748 [INFO] org.springframework.web.servlet.DispatcherServlet [http-nio-8022-exec-2] Completed initialization in 1 ms
2022-12-02 09:39:43,792 [INFO] com.travel.controller.AdminController [http-nio-8022-exec-2]  ---->> Inside Admin Controller Post mapping , user created prakash save with Id 2
2022-12-02 09:39:56,767 [INFO] com.travel.controller.AdminController [http-nio-8022-exec-4]  ---->> Inside Admin Controller Post mapping , user created prakash save with Id 3
2022-12-02 09:44:04,330 [INFO] com.travel.controller.AdminController [http-nio-8022-exec-8]  ---->> Inside Admin Controller Post mapping , user created suseela save with Id 5
2022-12-02 09:45:03,041 [INFO] com.travel.controller.AdminController [http-nio-8022-exec-9]  ---->> Inside Admin Controller Post mapping , user created karthi save with Id 6
2022-12-02 09:45:51,710 [INFO] com.travel.controller.AdminController [http-nio-8022-exec-10]  ---->> Inside Admin Controller Post mapping , user created harshini save with Id 7
2022-12-02 09:46:35,631 [INFO] com.travel.OnlineTravelSprint1Application [restartedMain] Starting OnlineTravelSprint1Application using Java 17.0.4.1 on DharshiniKrishnan with PID 17792 (C:\Users\dhars\Documents\workspace-spring-tool-suite-4-4.16.0.RELEASE\Online Travel Booking System\OnlineTravel_Sprint1\bin\main started by dhars in C:\Users\dhars\Documents\workspace-spring-tool-suite-4-4.16.0.RELEASE\Online Travel Booking System\OnlineTravel_Sprint1)
2022-12-02 09:46:35,632 [INFO] com.travel.OnlineTravelSprint1Application [restartedMain] No active profile set, falling back to 1 default profile: "default"
2022-12-02 09:46:35,700 [INFO] org.springframework.boot.devtools.env.DevToolsPropertyDefaultsPostProcessor [restartedMain] Devtools property defaults active! Set 'spring.devtools.add-properties' to 'false' to disable
2022-12-02 09:46:35,700 [INFO] org.springframework.boot.devtools.env.DevToolsPropertyDefaultsPostProcessor [restartedMain] For additional web related logging consider setting the 'logging.level.web' property to 'DEBUG'
2022-12-02 09:46:36,455 [INFO] org.springframework.data.repository.config.RepositoryConfigurationDelegate [restartedMain] Bootstrapping Spring Data JPA repositories in DEFAULT mode.
2022-12-02 09:46:36,551 [INFO] org.springframework.data.repository.config.RepositoryConfigurationDelegate [restartedMain] Finished Spring Data repository scanning in 80 ms. Found 1 JPA repository interfaces.
2022-12-02 09:46:37,412 [INFO] org.springframework.boot.web.embedded.tomcat.TomcatWebServer [restartedMain] Tomcat initialized with port(s): 8022 (http)
2022-12-02 09:46:37,428 [INFO] org.apache.catalina.core.StandardService [restartedMain] Starting service [Tomcat]
2022-12-02 09:46:37,429 [INFO] org.apache.catalina.core.StandardEngine [restartedMain] Starting Servlet engine: [Apache Tomcat/9.0.68]
2022-12-02 09:46:37,554 [INFO] org.apache.catalina.core.ContainerBase.[Tomcat].[localhost].[/] [restartedMain] Initializing Spring embedded WebApplicationContext
2022-12-02 09:46:37,554 [INFO] org.springframework.boot.web.servlet.context.ServletWebServerApplicationContext [restartedMain] Root WebApplicationContext: initialization completed in 1853 ms
2022-12-02 09:46:37,728 [INFO] org.hibernate.jpa.internal.util.LogHelper [restartedMain] HHH000204: Processing PersistenceUnitInfo [name: default]
2022-12-02 09:46:37,832 [INFO] org.hibernate.Version [restartedMain] HHH000412: Hibernate ORM core version 5.6.12.Final
2022-12-02 09:46:38,214 [INFO] org.hibernate.annotations.common.Version [restartedMain] HCANN000001: Hibernate Commons Annotations {5.1.2.Final}
2022-12-02 09:46:38,352 [INFO] com.zaxxer.hikari.HikariDataSource [restartedMain] HikariPool-1 - Starting...
2022-12-02 09:46:38,581 [INFO] com.zaxxer.hikari.HikariDataSource [restartedMain] HikariPool-1 - Start completed.
2022-12-02 09:46:38,610 [INFO] org.hibernate.dialect.Dialect [restartedMain] HHH000400: Using dialect: org.hibernate.dialect.PostgreSQLDialect
2022-12-02 09:46:39,559 [INFO] org.hibernate.engine.transaction.jta.platform.internal.JtaPlatformInitiator [restartedMain] HHH000490: Using JtaPlatform implementation: [org.hibernate.engine.transaction.jta.platform.internal.NoJtaPlatform]
2022-12-02 09:46:39,573 [INFO] org.springframework.orm.jpa.LocalContainerEntityManagerFactoryBean [restartedMain] Initialized JPA EntityManagerFactory for persistence unit 'default'
2022-12-02 09:46:40,182 [WARN] org.springframework.boot.autoconfigure.orm.jpa.JpaBaseConfiguration$JpaWebConfiguration [restartedMain] spring.jpa.open-in-view is enabled by default. Therefore, database queries may be performed during view rendering. Explicitly configure spring.jpa.open-in-view to disable this warning
2022-12-02 09:46:40,535 [WARN] org.springframework.boot.devtools.autoconfigure.OptionalLiveReloadServer [restartedMain] Unable to start LiveReload server
2022-12-02 09:46:40,551 [WARN] org.springframework.boot.web.servlet.context.AnnotationConfigServletWebServerApplicationContext [restartedMain] Exception encountered during context initialization - cancelling refresh attempt: org.springframework.context.ApplicationContextException: Failed to start bean 'webServerStartStop'; nested exception is org.springframework.boot.web.server.PortInUseException: Port 8022 is already in use
2022-12-02 09:46:40,553 [INFO] org.springframework.orm.jpa.LocalContainerEntityManagerFactoryBean [restartedMain] Closing JPA EntityManagerFactory for persistence unit 'default'
2022-12-02 09:46:40,559 [INFO] com.zaxxer.hikari.HikariDataSource [restartedMain] HikariPool-1 - Shutdown initiated...
2022-12-02 09:46:40,570 [INFO] com.zaxxer.hikari.HikariDataSource [restartedMain] HikariPool-1 - Shutdown completed.
2022-12-02 09:46:40,579 [INFO] org.apache.catalina.core.StandardService [restartedMain] Stopping service [Tomcat]
2022-12-02 09:46:40,594 [INFO] org.springframework.boot.autoconfigure.logging.ConditionEvaluationReportLoggingListener [restartedMain] 

Error starting ApplicationContext. To display the conditions report re-run your application with 'debug' enabled.
2022-12-02 09:46:40,619 [ERROR] org.springframework.boot.diagnostics.LoggingFailureAnalysisReporter [restartedMain] 

***************************
APPLICATION FAILED TO START
***************************

Description:

Web server failed to start. Port 8022 was already in use.

Action:

Identify and stop the process that's listening on port 8022 or configure this application to listen on another port.

2022-12-02 09:46:48,210 [INFO] com.travel.OnlineTravelSprint1Application [restartedMain] Starting OnlineTravelSprint1Application using Java 17.0.4.1 on DharshiniKrishnan with PID 31028 (C:\Users\dhars\Documents\workspace-spring-tool-suite-4-4.16.0.RELEASE\Online Travel Booking System\OnlineTravel_Sprint1\bin\main started by dhars in C:\Users\dhars\Documents\workspace-spring-tool-suite-4-4.16.0.RELEASE\Online Travel Booking System\OnlineTravel_Sprint1)
2022-12-02 09:46:48,213 [INFO] com.travel.OnlineTravelSprint1Application [restartedMain] No active profile set, falling back to 1 default profile: "default"
2022-12-02 09:46:48,363 [INFO] org.springframework.boot.devtools.env.DevToolsPropertyDefaultsPostProcessor [restartedMain] Devtools property defaults active! Set 'spring.devtools.add-properties' to 'false' to disable
2022-12-02 09:46:48,364 [INFO] org.springframework.boot.devtools.env.DevToolsPropertyDefaultsPostProcessor [restartedMain] For additional web related logging consider setting the 'logging.level.web' property to 'DEBUG'
2022-12-02 09:46:49,122 [INFO] org.springframework.data.repository.config.RepositoryConfigurationDelegate [restartedMain] Bootstrapping Spring Data JPA repositories in DEFAULT mode.
2022-12-02 09:46:49,185 [INFO] org.springframework.data.repository.config.RepositoryConfigurationDelegate [restartedMain] Finished Spring Data repository scanning in 53 ms. Found 1 JPA repository interfaces.
2022-12-02 09:46:49,916 [INFO] org.springframework.boot.web.embedded.tomcat.TomcatWebServer [restartedMain] Tomcat initialized with port(s): 8022 (http)
2022-12-02 09:46:49,929 [INFO] org.apache.catalina.core.StandardService [restartedMain] Starting service [Tomcat]
2022-12-02 09:46:49,930 [INFO] org.apache.catalina.core.StandardEngine [restartedMain] Starting Servlet engine: [Apache Tomcat/9.0.68]
2022-12-02 09:46:50,009 [INFO] org.apache.catalina.core.ContainerBase.[Tomcat].[localhost].[/] [restartedMain] Initializing Spring embedded WebApplicationContext
2022-12-02 09:46:50,009 [INFO] org.springframework.boot.web.servlet.context.ServletWebServerApplicationContext [restartedMain] Root WebApplicationContext: initialization completed in 1644 ms
2022-12-02 09:46:50,165 [INFO] org.hibernate.jpa.internal.util.LogHelper [restartedMain] HHH000204: Processing PersistenceUnitInfo [name: default]
2022-12-02 09:46:50,222 [INFO] org.hibernate.Version [restartedMain] HHH000412: Hibernate ORM core version 5.6.12.Final
2022-12-02 09:46:50,406 [INFO] org.hibernate.annotations.common.Version [restartedMain] HCANN000001: Hibernate Commons Annotations {5.1.2.Final}
2022-12-02 09:46:50,520 [INFO] com.zaxxer.hikari.HikariDataSource [restartedMain] HikariPool-1 - Starting...
2022-12-02 09:46:50,744 [INFO] com.zaxxer.hikari.HikariDataSource [restartedMain] HikariPool-1 - Start completed.
2022-12-02 09:46:50,762 [INFO] org.hibernate.dialect.Dialect [restartedMain] HHH000400: Using dialect: org.hibernate.dialect.PostgreSQLDialect
2022-12-02 09:46:51,421 [INFO] org.hibernate.engine.transaction.jta.platform.internal.JtaPlatformInitiator [restartedMain] HHH000490: Using JtaPlatform implementation: [org.hibernate.engine.transaction.jta.platform.internal.NoJtaPlatform]
2022-12-02 09:46:51,428 [INFO] org.springframework.orm.jpa.LocalContainerEntityManagerFactoryBean [restartedMain] Initialized JPA EntityManagerFactory for persistence unit 'default'
2022-12-02 09:46:51,972 [WARN] org.springframework.boot.autoconfigure.orm.jpa.JpaBaseConfiguration$JpaWebConfiguration [restartedMain] spring.jpa.open-in-view is enabled by default. Therefore, database queries may be performed during view rendering. Explicitly configure spring.jpa.open-in-view to disable this warning
2022-12-02 09:46:52,358 [INFO] org.springframework.boot.devtools.autoconfigure.OptionalLiveReloadServer [restartedMain] LiveReload server is running on port 35729
2022-12-02 09:46:52,419 [INFO] org.springframework.boot.web.embedded.tomcat.TomcatWebServer [restartedMain] Tomcat started on port(s): 8022 (http) with context path ''
2022-12-02 09:46:52,438 [INFO] com.travel.OnlineTravelSprint1Application [restartedMain] Started OnlineTravelSprint1Application in 4.901 seconds (JVM running for 5.514)
2022-12-02 10:41:18,155 [INFO] com.travel.OnlineTravelSprint1Application [restartedMain] Starting OnlineTravelSprint1Application using Java 17.0.4.1 on DharshiniKrishnan with PID 50856 (C:\Users\dhars\Documents\workspace-spring-tool-suite-4-4.16.0.RELEASE\Online Travel Booking System\OnlineTravel_Sprint1\bin\main started by dhars in C:\Users\dhars\Documents\workspace-spring-tool-suite-4-4.16.0.RELEASE\Online Travel Booking System\OnlineTravel_Sprint1)
2022-12-02 10:41:18,156 [INFO] com.travel.OnlineTravelSprint1Application [restartedMain] No active profile set, falling back to 1 default profile: "default"
2022-12-02 10:41:18,261 [INFO] org.springframework.boot.devtools.env.DevToolsPropertyDefaultsPostProcessor [restartedMain] Devtools property defaults active! Set 'spring.devtools.add-properties' to 'false' to disable
2022-12-02 10:41:18,262 [INFO] org.springframework.boot.devtools.env.DevToolsPropertyDefaultsPostProcessor [restartedMain] For additional web related logging consider setting the 'logging.level.web' property to 'DEBUG'
2022-12-02 10:41:19,821 [INFO] org.springframework.data.repository.config.RepositoryConfigurationDelegate [restartedMain] Bootstrapping Spring Data JPA repositories in DEFAULT mode.
2022-12-02 10:41:19,935 [INFO] org.springframework.data.repository.config.RepositoryConfigurationDelegate [restartedMain] Finished Spring Data repository scanning in 89 ms. Found 1 JPA repository interfaces.
2022-12-02 10:41:21,587 [INFO] org.springframework.boot.web.embedded.tomcat.TomcatWebServer [restartedMain] Tomcat initialized with port(s): 8022 (http)
2022-12-02 10:41:21,617 [INFO] org.apache.catalina.core.StandardService [restartedMain] Starting service [Tomcat]
2022-12-02 10:41:21,618 [INFO] org.apache.catalina.core.StandardEngine [restartedMain] Starting Servlet engine: [Apache Tomcat/9.0.68]
2022-12-02 10:41:21,787 [INFO] org.apache.catalina.core.ContainerBase.[Tomcat].[localhost].[/] [restartedMain] Initializing Spring embedded WebApplicationContext
2022-12-02 10:41:21,789 [INFO] org.springframework.boot.web.servlet.context.ServletWebServerApplicationContext [restartedMain] Root WebApplicationContext: initialization completed in 3526 ms
2022-12-02 10:41:22,125 [INFO] org.hibernate.jpa.internal.util.LogHelper [restartedMain] HHH000204: Processing PersistenceUnitInfo [name: default]
2022-12-02 10:41:22,252 [INFO] org.hibernate.Version [restartedMain] HHH000412: Hibernate ORM core version 5.6.12.Final
2022-12-02 10:41:22,700 [INFO] org.hibernate.annotations.common.Version [restartedMain] HCANN000001: Hibernate Commons Annotations {5.1.2.Final}
2022-12-02 10:41:22,899 [INFO] com.zaxxer.hikari.HikariDataSource [restartedMain] HikariPool-1 - Starting...
2022-12-02 10:41:23,416 [INFO] com.zaxxer.hikari.HikariDataSource [restartedMain] HikariPool-1 - Start completed.
2022-12-02 10:41:23,454 [INFO] org.hibernate.dialect.Dialect [restartedMain] HHH000400: Using dialect: org.hibernate.dialect.PostgreSQLDialect
2022-12-02 10:41:24,800 [INFO] org.hibernate.engine.transaction.jta.platform.internal.JtaPlatformInitiator [restartedMain] HHH000490: Using JtaPlatform implementation: [org.hibernate.engine.transaction.jta.platform.internal.NoJtaPlatform]
2022-12-02 10:41:24,815 [INFO] org.springframework.orm.jpa.LocalContainerEntityManagerFactoryBean [restartedMain] Initialized JPA EntityManagerFactory for persistence unit 'default'
2022-12-02 10:41:25,752 [WARN] org.springframework.boot.autoconfigure.orm.jpa.JpaBaseConfiguration$JpaWebConfiguration [restartedMain] spring.jpa.open-in-view is enabled by default. Therefore, database queries may be performed during view rendering. Explicitly configure spring.jpa.open-in-view to disable this warning
2022-12-02 10:41:26,267 [INFO] org.springframework.boot.devtools.autoconfigure.OptionalLiveReloadServer [restartedMain] LiveReload server is running on port 35729
2022-12-02 10:41:26,321 [INFO] org.springframework.boot.web.embedded.tomcat.TomcatWebServer [restartedMain] Tomcat started on port(s): 8022 (http) with context path ''
2022-12-02 10:41:26,345 [INFO] com.travel.OnlineTravelSprint1Application [restartedMain] Started OnlineTravelSprint1Application in 9.118 seconds (JVM running for 10.273)
2022-12-02 11:15:15,725 [INFO] org.apache.catalina.core.ContainerBase.[Tomcat].[localhost].[/] [http-nio-8022-exec-2] Initializing Spring DispatcherServlet 'dispatcherServlet'
2022-12-02 11:15:15,741 [INFO] org.springframework.web.servlet.DispatcherServlet [http-nio-8022-exec-2] Initializing Servlet 'dispatcherServlet'
2022-12-02 11:15:15,827 [INFO] org.springframework.web.servlet.DispatcherServlet [http-nio-8022-exec-2] Completed initialization in 86 ms
2022-12-02 11:15:16,753 [INFO] com.travel.controller.AdminController [http-nio-8022-exec-2]  ---->> Inside Admin Controller Post mapping , user created vino save with Id 8
2022-12-02 11:35:51,890 [INFO] com.travel.OnlineTravelSprint1Application [restartedMain] Starting OnlineTravelSprint1Application using Java 17.0.4.1 on DharshiniKrishnan with PID 15976 (C:\Users\dhars\Documents\workspace-spring-tool-suite-4-4.16.0.RELEASE\Online Travel Booking System\OnlineTravel_Sprint1\bin\main started by dhars in C:\Users\dhars\Documents\workspace-spring-tool-suite-4-4.16.0.RELEASE\Online Travel Booking System\OnlineTravel_Sprint1)
2022-12-02 11:35:51,893 [INFO] com.travel.OnlineTravelSprint1Application [restartedMain] No active profile set, falling back to 1 default profile: "default"
2022-12-02 11:35:52,015 [INFO] org.springframework.boot.devtools.env.DevToolsPropertyDefaultsPostProcessor [restartedMain] Devtools property defaults active! Set 'spring.devtools.add-properties' to 'false' to disable
2022-12-02 11:35:52,016 [INFO] org.springframework.boot.devtools.env.DevToolsPropertyDefaultsPostProcessor [restartedMain] For additional web related logging consider setting the 'logging.level.web' property to 'DEBUG'
2022-12-02 11:35:53,659 [INFO] org.springframework.data.repository.config.RepositoryConfigurationDelegate [restartedMain] Bootstrapping Spring Data JPA repositories in DEFAULT mode.
2022-12-02 11:35:53,824 [INFO] org.springframework.data.repository.config.RepositoryConfigurationDelegate [restartedMain] Finished Spring Data repository scanning in 128 ms. Found 1 JPA repository interfaces.
2022-12-02 11:35:55,679 [INFO] org.springframework.boot.web.embedded.tomcat.TomcatWebServer [restartedMain] Tomcat initialized with port(s): 8022 (http)
2022-12-02 11:35:55,712 [INFO] org.apache.catalina.core.StandardService [restartedMain] Starting service [Tomcat]
2022-12-02 11:35:55,713 [INFO] org.apache.catalina.core.StandardEngine [restartedMain] Starting Servlet engine: [Apache Tomcat/9.0.68]
2022-12-02 11:35:55,895 [INFO] org.apache.catalina.core.ContainerBase.[Tomcat].[localhost].[/] [restartedMain] Initializing Spring embedded WebApplicationContext
2022-12-02 11:35:55,897 [INFO] org.springframework.boot.web.servlet.context.ServletWebServerApplicationContext [restartedMain] Root WebApplicationContext: initialization completed in 3881 ms
2022-12-02 11:35:56,204 [INFO] org.hibernate.jpa.internal.util.LogHelper [restartedMain] HHH000204: Processing PersistenceUnitInfo [name: default]
2022-12-02 11:35:56,346 [INFO] org.hibernate.Version [restartedMain] HHH000412: Hibernate ORM core version 5.6.12.Final
2022-12-02 11:35:56,959 [INFO] org.hibernate.annotations.common.Version [restartedMain] HCANN000001: Hibernate Commons Annotations {5.1.2.Final}
2022-12-02 11:35:57,517 [INFO] com.zaxxer.hikari.HikariDataSource [restartedMain] HikariPool-1 - Starting...
2022-12-02 11:35:58,879 [INFO] com.zaxxer.hikari.HikariDataSource [restartedMain] HikariPool-1 - Start completed.
2022-12-02 11:35:58,955 [INFO] org.hibernate.dialect.Dialect [restartedMain] HHH000400: Using dialect: org.hibernate.dialect.PostgreSQLDialect
2022-12-02 11:36:01,690 [INFO] org.hibernate.engine.transaction.jta.platform.internal.JtaPlatformInitiator [restartedMain] HHH000490: Using JtaPlatform implementation: [org.hibernate.engine.transaction.jta.platform.internal.NoJtaPlatform]
2022-12-02 11:36:01,718 [INFO] org.springframework.orm.jpa.LocalContainerEntityManagerFactoryBean [restartedMain] Initialized JPA EntityManagerFactory for persistence unit 'default'
2022-12-02 11:36:03,808 [WARN] org.springframework.boot.autoconfigure.orm.jpa.JpaBaseConfiguration$JpaWebConfiguration [restartedMain] spring.jpa.open-in-view is enabled by default. Therefore, database queries may be performed during view rendering. Explicitly configure spring.jpa.open-in-view to disable this warning
2022-12-02 11:36:04,594 [INFO] org.springframework.boot.devtools.autoconfigure.OptionalLiveReloadServer [restartedMain] LiveReload server is running on port 35729
2022-12-02 11:36:04,675 [INFO] org.springframework.boot.web.embedded.tomcat.TomcatWebServer [restartedMain] Tomcat started on port(s): 8022 (http) with context path ''
2022-12-02 11:36:04,706 [INFO] com.travel.OnlineTravelSprint1Application [restartedMain] Started OnlineTravelSprint1Application in 13.677 seconds (JVM running for 14.944)
2022-12-02 11:36:28,607 [INFO] org.springframework.boot.devtools.autoconfigure.LocalDevToolsAutoConfiguration$RestartingClassPathChangeChangedEventListener [File Watcher] Restarting due to 1 class path change (0 additions, 0 deletions, 1 modification)
2022-12-02 11:36:28,635 [INFO] org.apache.catalina.core.StandardService [Thread-5] Stopping service [Tomcat]
2022-12-02 11:36:28,658 [INFO] org.springframework.orm.jpa.LocalContainerEntityManagerFactoryBean [Thread-5] Closing JPA EntityManagerFactory for persistence unit 'default'
2022-12-02 11:36:28,665 [INFO] com.zaxxer.hikari.HikariDataSource [Thread-5] HikariPool-1 - Shutdown initiated...
2022-12-02 11:36:28,677 [INFO] com.zaxxer.hikari.HikariDataSource [Thread-5] HikariPool-1 - Shutdown completed.
2022-12-02 11:36:28,823 [INFO] com.travel.OnlineTravelSprint1Application [restartedMain] Starting OnlineTravelSprint1Application using Java 17.0.4.1 on DharshiniKrishnan with PID 15976 (C:\Users\dhars\Documents\workspace-spring-tool-suite-4-4.16.0.RELEASE\Online Travel Booking System\OnlineTravel_Sprint1\bin\main started by dhars in C:\Users\dhars\Documents\workspace-spring-tool-suite-4-4.16.0.RELEASE\Online Travel Booking System\OnlineTravel_Sprint1)
2022-12-02 11:36:28,823 [INFO] com.travel.OnlineTravelSprint1Application [restartedMain] No active profile set, falling back to 1 default profile: "default"
2022-12-02 11:36:29,262 [INFO] org.springframework.data.repository.config.RepositoryConfigurationDelegate [restartedMain] Bootstrapping Spring Data JPA repositories in DEFAULT mode.
2022-12-02 11:36:29,309 [INFO] org.springframework.data.repository.config.RepositoryConfigurationDelegate [restartedMain] Finished Spring Data repository scanning in 46 ms. Found 1 JPA repository interfaces.
2022-12-02 11:36:29,584 [INFO] org.springframework.boot.web.embedded.tomcat.TomcatWebServer [restartedMain] Tomcat initialized with port(s): 8022 (http)
2022-12-02 11:36:29,585 [INFO] org.apache.catalina.core.StandardService [restartedMain] Starting service [Tomcat]
2022-12-02 11:36:29,585 [INFO] org.apache.catalina.core.StandardEngine [restartedMain] Starting Servlet engine: [Apache Tomcat/9.0.68]
2022-12-02 11:36:29,628 [INFO] org.apache.catalina.core.ContainerBase.[Tomcat].[localhost].[/] [restartedMain] Initializing Spring embedded WebApplicationContext
2022-12-02 11:36:29,629 [INFO] org.springframework.boot.web.servlet.context.ServletWebServerApplicationContext [restartedMain] Root WebApplicationContext: initialization completed in 801 ms
2022-12-02 11:36:29,719 [INFO] org.hibernate.jpa.internal.util.LogHelper [restartedMain] HHH000204: Processing PersistenceUnitInfo [name: default]
2022-12-02 11:36:29,724 [INFO] com.zaxxer.hikari.HikariDataSource [restartedMain] HikariPool-2 - Starting...
2022-12-02 11:36:29,790 [INFO] com.zaxxer.hikari.HikariDataSource [restartedMain] HikariPool-2 - Start completed.
2022-12-02 11:36:29,792 [INFO] org.hibernate.dialect.Dialect [restartedMain] HHH000400: Using dialect: org.hibernate.dialect.PostgreSQLDialect
2022-12-02 11:36:29,994 [INFO] org.hibernate.engine.transaction.jta.platform.internal.JtaPlatformInitiator [restartedMain] HHH000490: Using JtaPlatform implementation: [org.hibernate.engine.transaction.jta.platform.internal.NoJtaPlatform]
2022-12-02 11:36:29,995 [INFO] org.springframework.orm.jpa.LocalContainerEntityManagerFactoryBean [restartedMain] Initialized JPA EntityManagerFactory for persistence unit 'default'
2022-12-02 11:36:30,226 [WARN] org.springframework.boot.autoconfigure.orm.jpa.JpaBaseConfiguration$JpaWebConfiguration [restartedMain] spring.jpa.open-in-view is enabled by default. Therefore, database queries may be performed during view rendering. Explicitly configure spring.jpa.open-in-view to disable this warning
2022-12-02 11:36:30,483 [INFO] org.springframework.boot.devtools.autoconfigure.OptionalLiveReloadServer [restartedMain] LiveReload server is running on port 35729
2022-12-02 11:36:30,495 [INFO] org.springframework.boot.web.embedded.tomcat.TomcatWebServer [restartedMain] Tomcat started on port(s): 8022 (http) with context path ''
2022-12-02 11:36:30,507 [INFO] com.travel.OnlineTravelSprint1Application [restartedMain] Started OnlineTravelSprint1Application in 1.746 seconds (JVM running for 40.745)
2022-12-02 11:36:30,514 [INFO] org.springframework.boot.devtools.autoconfigure.ConditionEvaluationDeltaLoggingListener [restartedMain] Condition evaluation unchanged
2022-12-02 11:36:44,995 [INFO] org.apache.catalina.core.ContainerBase.[Tomcat].[localhost].[/] [http-nio-8022-exec-1] Initializing Spring DispatcherServlet 'dispatcherServlet'
2022-12-02 11:36:44,998 [INFO] org.springframework.web.servlet.DispatcherServlet [http-nio-8022-exec-1] Initializing Servlet 'dispatcherServlet'
2022-12-02 11:36:45,002 [INFO] org.springframework.web.servlet.DispatcherServlet [http-nio-8022-exec-1] Completed initialization in 4 ms
2022-12-02 11:36:45,956 [INFO] com.travel.controller.AdminController [http-nio-8022-exec-1]  ---->> Inside Admin Controller Post mapping , user created vino save with Id 1
2022-12-02 11:37:49,737 [INFO] com.travel.controller.AdminController [http-nio-8022-exec-5]  ---->> Inside Admin Controller Post mapping , user created karthi save with Id 4
2022-12-02 11:38:09,283 [INFO] com.travel.controller.AdminController [http-nio-8022-exec-6]  ---->> Inside Admin Controller Post mapping , user created gokila save with Id 5
2022-12-02 11:41:03,214 [INFO] com.travel.OnlineTravelSprint1Application [restartedMain] Starting OnlineTravelSprint1Application using Java 17.0.4.1 on DharshiniKrishnan with PID 14884 (C:\Users\dhars\Documents\workspace-spring-tool-suite-4-4.16.0.RELEASE\Online Travel Booking System\OnlineTravel_Sprint1\bin\main started by dhars in C:\Users\dhars\Documents\workspace-spring-tool-suite-4-4.16.0.RELEASE\Online Travel Booking System\OnlineTravel_Sprint1)
2022-12-02 11:41:03,216 [INFO] com.travel.OnlineTravelSprint1Application [restartedMain] No active profile set, falling back to 1 default profile: "default"
2022-12-02 11:41:03,274 [INFO] org.springframework.boot.devtools.env.DevToolsPropertyDefaultsPostProcessor [restartedMain] Devtools property defaults active! Set 'spring.devtools.add-properties' to 'false' to disable
2022-12-02 11:41:03,274 [INFO] org.springframework.boot.devtools.env.DevToolsPropertyDefaultsPostProcessor [restartedMain] For additional web related logging consider setting the 'logging.level.web' property to 'DEBUG'
2022-12-02 11:41:04,178 [INFO] org.springframework.data.repository.config.RepositoryConfigurationDelegate [restartedMain] Bootstrapping Spring Data JPA repositories in DEFAULT mode.
2022-12-02 11:41:04,245 [INFO] org.springframework.data.repository.config.RepositoryConfigurationDelegate [restartedMain] Finished Spring Data repository scanning in 57 ms. Found 1 JPA repository interfaces.
2022-12-02 11:41:05,076 [INFO] org.springframework.boot.web.embedded.tomcat.TomcatWebServer [restartedMain] Tomcat initialized with port(s): 8022 (http)
2022-12-02 11:41:05,094 [INFO] org.apache.catalina.core.StandardService [restartedMain] Starting service [Tomcat]
2022-12-02 11:41:05,095 [INFO] org.apache.catalina.core.StandardEngine [restartedMain] Starting Servlet engine: [Apache Tomcat/9.0.68]
2022-12-02 11:41:05,213 [INFO] org.apache.catalina.core.ContainerBase.[Tomcat].[localhost].[/] [restartedMain] Initializing Spring embedded WebApplicationContext
2022-12-02 11:41:05,214 [INFO] org.springframework.boot.web.servlet.context.ServletWebServerApplicationContext [restartedMain] Root WebApplicationContext: initialization completed in 1938 ms
2022-12-02 11:41:05,421 [INFO] org.hibernate.jpa.internal.util.LogHelper [restartedMain] HHH000204: Processing PersistenceUnitInfo [name: default]
2022-12-02 11:41:05,509 [INFO] org.hibernate.Version [restartedMain] HHH000412: Hibernate ORM core version 5.6.12.Final
2022-12-02 11:41:05,851 [INFO] org.hibernate.annotations.common.Version [restartedMain] HCANN000001: Hibernate Commons Annotations {5.1.2.Final}
2022-12-02 11:41:05,994 [INFO] com.zaxxer.hikari.HikariDataSource [restartedMain] HikariPool-1 - Starting...
2022-12-02 11:41:06,209 [INFO] com.zaxxer.hikari.HikariDataSource [restartedMain] HikariPool-1 - Start completed.
2022-12-02 11:41:06,236 [INFO] org.hibernate.dialect.Dialect [restartedMain] HHH000400: Using dialect: org.hibernate.dialect.PostgreSQLDialect
2022-12-02 11:41:07,050 [INFO] org.hibernate.engine.transaction.jta.platform.internal.JtaPlatformInitiator [restartedMain] HHH000490: Using JtaPlatform implementation: [org.hibernate.engine.transaction.jta.platform.internal.NoJtaPlatform]
2022-12-02 11:41:07,060 [INFO] org.springframework.orm.jpa.LocalContainerEntityManagerFactoryBean [restartedMain] Initialized JPA EntityManagerFactory for persistence unit 'default'
2022-12-02 11:41:07,813 [WARN] org.springframework.boot.autoconfigure.orm.jpa.JpaBaseConfiguration$JpaWebConfiguration [restartedMain] spring.jpa.open-in-view is enabled by default. Therefore, database queries may be performed during view rendering. Explicitly configure spring.jpa.open-in-view to disable this warning
2022-12-02 11:41:08,175 [INFO] org.springframework.boot.devtools.autoconfigure.OptionalLiveReloadServer [restartedMain] LiveReload server is running on port 35729
2022-12-02 11:41:08,217 [INFO] org.springframework.boot.web.embedded.tomcat.TomcatWebServer [restartedMain] Tomcat started on port(s): 8022 (http) with context path ''
2022-12-02 11:41:08,228 [INFO] com.travel.OnlineTravelSprint1Application [restartedMain] Started OnlineTravelSprint1Application in 5.505 seconds (JVM running for 6.115)
